<?xml version="1.0" encoding="UTF-8"?>
<testsuite xmlns:xsi="http://www.w3.org/2001/XMLSchema-instance" xsi:noNamespaceSchemaLocation="https://maven.apache.org/surefire/maven-surefire-plugin/xsd/surefire-test-report.xsd" name="runner.TestRunner" time="14.73" tests="2" errors="0" skipped="0" failures="0">
  <properties>
[...]
</properties>
  <testcase name="Test highest price product" classname="Test Sauce-Ecommerce Demo Feature" time="13.049"/>
  <testcase name="Test lowest price product" classname="Test Sauce-Ecommerce Demo Feature" time="0.182"/>
</testsuite>